c:\users\tobbe\source\repos\adventofcode2024\adventofcode2024\x64\release\vc143.pdb
c:\users\tobbe\source\repos\adventofcode2024\adventofcode2024\x64\release\4.obj
c:\users\tobbe\source\repos\adventofcode2024\adventofcode2024\x64\release\3.obj
c:\users\tobbe\source\repos\adventofcode2024\adventofcode2024\x64\release\2.obj
c:\users\tobbe\source\repos\adventofcode2024\adventofcode2024\x64\release\25.obj
c:\users\tobbe\source\repos\adventofcode2024\adventofcode2024\x64\release\24.obj
c:\users\tobbe\source\repos\adventofcode2024\adventofcode2024\x64\release\23.obj
c:\users\tobbe\source\repos\adventofcode2024\adventofcode2024\x64\release\22.obj
c:\users\tobbe\source\repos\adventofcode2024\adventofcode2024\x64\release\21.obj
c:\users\tobbe\source\repos\adventofcode2024\adventofcode2024\x64\release\20.obj
c:\users\tobbe\source\repos\adventofcode2024\adventofcode2024\x64\release\1.obj
c:\users\tobbe\source\repos\adventofcode2024\adventofcode2024\x64\release\19.obj
c:\users\tobbe\source\repos\adventofcode2024\adventofcode2024\x64\release\18.obj
c:\users\tobbe\source\repos\adventofcode2024\adventofcode2024\x64\release\17.obj
c:\users\tobbe\source\repos\adventofcode2024\adventofcode2024\x64\release\16.obj
c:\users\tobbe\source\repos\adventofcode2024\adventofcode2024\x64\release\15.obj
c:\users\tobbe\source\repos\adventofcode2024\adventofcode2024\x64\release\14.obj
c:\users\tobbe\source\repos\adventofcode2024\adventofcode2024\x64\release\13.obj
c:\users\tobbe\source\repos\adventofcode2024\adventofcode2024\x64\release\12.obj
c:\users\tobbe\source\repos\adventofcode2024\adventofcode2024\x64\release\11.obj
c:\users\tobbe\source\repos\adventofcode2024\adventofcode2024\x64\release\10.obj
c:\users\tobbe\source\repos\adventofcode2024\adventofcode2024\x64\release\main.obj
c:\users\tobbe\source\repos\adventofcode2024\adventofcode2024\x64\release\inputselector.obj
c:\users\tobbe\source\repos\adventofcode2024\adventofcode2024\x64\release\input.obj
c:\users\tobbe\source\repos\adventofcode2024\adventofcode2024\x64\release\utilities.obj
c:\users\tobbe\source\repos\adventofcode2024\adventofcode2024\x64\release\rangebylength.obj
c:\users\tobbe\source\repos\adventofcode2024\adventofcode2024\x64\release\range.obj
c:\users\tobbe\source\repos\adventofcode2024\adventofcode2024\x64\release\point.obj
c:\users\tobbe\source\repos\adventofcode2024\adventofcode2024\x64\release\datainput.obj
c:\users\tobbe\source\repos\adventofcode2024\adventofcode2024\x64\release\challengeselector.obj
c:\users\tobbe\source\repos\adventofcode2024\adventofcode2024\x64\release\9.obj
c:\users\tobbe\source\repos\adventofcode2024\adventofcode2024\x64\release\8.obj
c:\users\tobbe\source\repos\adventofcode2024\adventofcode2024\x64\release\7.obj
c:\users\tobbe\source\repos\adventofcode2024\adventofcode2024\x64\release\6.obj
c:\users\tobbe\source\repos\adventofcode2024\adventofcode2024\x64\release\5.obj
c:\users\tobbe\source\repos\adventofcode2024\x64\release\adventofcode2024.exe
c:\users\tobbe\source\repos\adventofcode2024\x64\release\adventofcode2024.pdb
c:\users\tobbe\source\repos\adventofcode2024\adventofcode2024\x64\release\adventofcode2024.ipdb
c:\users\tobbe\source\repos\adventofcode2024\adventofcode2024\x64\release\adventofcode2024.iobj
c:\users\tobbe\source\repos\adventofcode2024\adventofcode2024\x64\release\adventofcode2024.tlog\cl.command.1.tlog
c:\users\tobbe\source\repos\adventofcode2024\adventofcode2024\x64\release\adventofcode2024.tlog\cl.items.tlog
c:\users\tobbe\source\repos\adventofcode2024\adventofcode2024\x64\release\adventofcode2024.tlog\cl.read.1.tlog
c:\users\tobbe\source\repos\adventofcode2024\adventofcode2024\x64\release\adventofcode2024.tlog\cl.write.1.tlog
c:\users\tobbe\source\repos\adventofcode2024\adventofcode2024\x64\release\adventofcode2024.tlog\link.command.1.tlog
c:\users\tobbe\source\repos\adventofcode2024\adventofcode2024\x64\release\adventofcode2024.tlog\link.read.1.tlog
c:\users\tobbe\source\repos\adventofcode2024\adventofcode2024\x64\release\adventofcode2024.tlog\link.secondary.1.tlog
c:\users\tobbe\source\repos\adventofcode2024\adventofcode2024\x64\release\adventofcode2024.tlog\link.write.1.tlog
