c:\users\tobbe\source\repos\adventofcode2024\adventofcode2024\x64\debug\vc143.pdb
c:\users\tobbe\source\repos\adventofcode2024\adventofcode2024\x64\debug\vc143.idb
c:\users\tobbe\source\repos\adventofcode2024\adventofcode2024\x64\debug\4.obj
c:\users\tobbe\source\repos\adventofcode2024\adventofcode2024\x64\debug\3.obj
c:\users\tobbe\source\repos\adventofcode2024\adventofcode2024\x64\debug\2.obj
c:\users\tobbe\source\repos\adventofcode2024\adventofcode2024\x64\debug\25.obj
c:\users\tobbe\source\repos\adventofcode2024\adventofcode2024\x64\debug\24.obj
c:\users\tobbe\source\repos\adventofcode2024\adventofcode2024\x64\debug\23.obj
c:\users\tobbe\source\repos\adventofcode2024\adventofcode2024\x64\debug\22.obj
c:\users\tobbe\source\repos\adventofcode2024\adventofcode2024\x64\debug\21.obj
c:\users\tobbe\source\repos\adventofcode2024\adventofcode2024\x64\debug\20.obj
c:\users\tobbe\source\repos\adventofcode2024\adventofcode2024\x64\debug\1.obj
c:\users\tobbe\source\repos\adventofcode2024\adventofcode2024\x64\debug\19.obj
c:\users\tobbe\source\repos\adventofcode2024\adventofcode2024\x64\debug\18.obj
c:\users\tobbe\source\repos\adventofcode2024\adventofcode2024\x64\debug\17.obj
c:\users\tobbe\source\repos\adventofcode2024\adventofcode2024\x64\debug\16.obj
c:\users\tobbe\source\repos\adventofcode2024\adventofcode2024\x64\debug\15.obj
c:\users\tobbe\source\repos\adventofcode2024\adventofcode2024\x64\debug\14.obj
c:\users\tobbe\source\repos\adventofcode2024\adventofcode2024\x64\debug\13.obj
c:\users\tobbe\source\repos\adventofcode2024\adventofcode2024\x64\debug\12.obj
c:\users\tobbe\source\repos\adventofcode2024\adventofcode2024\x64\debug\11.obj
c:\users\tobbe\source\repos\adventofcode2024\adventofcode2024\x64\debug\10.obj
c:\users\tobbe\source\repos\adventofcode2024\adventofcode2024\x64\debug\main.obj
c:\users\tobbe\source\repos\adventofcode2024\adventofcode2024\x64\debug\inputselector.obj
c:\users\tobbe\source\repos\adventofcode2024\adventofcode2024\x64\debug\input.obj
c:\users\tobbe\source\repos\adventofcode2024\adventofcode2024\x64\debug\utilities.obj
c:\users\tobbe\source\repos\adventofcode2024\adventofcode2024\x64\debug\rangebylength.obj
c:\users\tobbe\source\repos\adventofcode2024\adventofcode2024\x64\debug\range.obj
c:\users\tobbe\source\repos\adventofcode2024\adventofcode2024\x64\debug\point.obj
c:\users\tobbe\source\repos\adventofcode2024\adventofcode2024\x64\debug\datainput.obj
c:\users\tobbe\source\repos\adventofcode2024\adventofcode2024\x64\debug\challengeselector.obj
c:\users\tobbe\source\repos\adventofcode2024\adventofcode2024\x64\debug\9.obj
c:\users\tobbe\source\repos\adventofcode2024\adventofcode2024\x64\debug\8.obj
c:\users\tobbe\source\repos\adventofcode2024\adventofcode2024\x64\debug\7.obj
c:\users\tobbe\source\repos\adventofcode2024\adventofcode2024\x64\debug\6.obj
c:\users\tobbe\source\repos\adventofcode2024\adventofcode2024\x64\debug\5.obj
c:\users\tobbe\source\repos\adventofcode2024\x64\debug\adventofcode2024.exe
c:\users\tobbe\source\repos\adventofcode2024\x64\debug\adventofcode2024.pdb
c:\users\tobbe\source\repos\adventofcode2024\adventofcode2024\x64\debug\adventofcode2024.ilk
c:\users\tobbe\source\repos\adventofcode2024\adventofcode2024\x64\debug\adventofcode2024.tlog\cl.command.1.tlog
c:\users\tobbe\source\repos\adventofcode2024\adventofcode2024\x64\debug\adventofcode2024.tlog\cl.items.tlog
c:\users\tobbe\source\repos\adventofcode2024\adventofcode2024\x64\debug\adventofcode2024.tlog\cl.read.1.tlog
c:\users\tobbe\source\repos\adventofcode2024\adventofcode2024\x64\debug\adventofcode2024.tlog\cl.write.1.tlog
c:\users\tobbe\source\repos\adventofcode2024\adventofcode2024\x64\debug\adventofcode2024.tlog\link.command.1.tlog
c:\users\tobbe\source\repos\adventofcode2024\adventofcode2024\x64\debug\adventofcode2024.tlog\link.read.1.tlog
c:\users\tobbe\source\repos\adventofcode2024\adventofcode2024\x64\debug\adventofcode2024.tlog\link.secondary.1.tlog
c:\users\tobbe\source\repos\adventofcode2024\adventofcode2024\x64\debug\adventofcode2024.tlog\link.write.1.tlog
